<?xml version="1.0" encoding="UTF-8"?>
<testng-results total="1" passed="1" failed="0" skipped="0">
  <reporter-output>
    <line>
      <![CDATA[Application opened]]>
    </line>
    <line>
      <![CDATA[title not matched]]>
    </line>
    <line>
      <![CDATA[Login completed]]>
    </line>
    <line>
      <![CDATA[Title matched]]>
    </line>
    <line>
      <![CDATA[Logout complted]]>
    </line>
    <line>
      <![CDATA[Application closed]]>
    </line>
  </reporter-output>
  <suite started-at="2023-02-04T03:36:22Z" name="Default suite" finished-at="2023-02-04T03:36:48Z" duration-ms="25704">
    <groups>
    </groups>
    <test started-at="2023-02-04T03:36:22Z" name="Default test" finished-at="2023-02-04T03:36:48Z" duration-ms="25704">
      <class name="com.hrm.testscripts.TC001">
        <test-method signature="tc001()[pri:0, instance:com.hrm.testscripts.TC001@39ac0c0a]" started-at="2023-02-04T09:06:22Z" name="tc001" finished-at="2023-02-04T09:06:48Z" duration-ms="25673" status="PASS">
          <reporter-output>
            <line>
              <![CDATA[Application opened]]>
            </line>
            <line>
              <![CDATA[title not matched]]>
            </line>
            <line>
              <![CDATA[Login completed]]>
            </line>
            <line>
              <![CDATA[Title matched]]>
            </line>
            <line>
              <![CDATA[Logout complted]]>
            </line>
            <line>
              <![CDATA[Application closed]]>
            </line>
          </reporter-output>
        </test-method> <!-- tc001 -->
      </class> <!-- com.hrm.testscripts.TC001 -->
    </test> <!-- Default test -->
  </suite> <!-- Default suite -->
</testng-results>
